11-Jul-2019 18:36:58.903 INFO [main] org.apache.catalina.core.ApplicationContext.log Initializing AtmosphereFramework
11-Jul-2019 18:36:59.095 INFO [main] org.apache.catalina.core.ApplicationContext.log No Spring WebApplicationInitializer types detected on classpath
11-Jul-2019 18:37:05.281 INFO [main] org.apache.catalina.core.ApplicationContext.log Initializing Spring CubaDispatcherServlet 'dispatcher'
11-Jul-2019 18:37:06.751 INFO [main] org.apache.catalina.core.ApplicationContext.log Initializing Spring CubaRestApiServlet 'rest_api'
11-Jul-2019 18:37:08.343 INFO [main] org.apache.catalina.core.ApplicationContext.log Initializing AtmosphereFramework
11-Jul-2019 18:37:08.354 INFO [main] org.apache.catalina.core.ApplicationContext.log No Spring WebApplicationInitializer types detected on classpath
11-Jul-2019 18:37:16.311 INFO [main] org.apache.catalina.core.ApplicationContext.log Initializing Spring RemotingServlet 'remoting'
11-Jul-2019 18:48:02.729 INFO [main] org.apache.catalina.core.ApplicationContext.log Initializing AtmosphereFramework
11-Jul-2019 18:48:02.978 INFO [main] org.apache.catalina.core.ApplicationContext.log No Spring WebApplicationInitializer types detected on classpath
11-Jul-2019 18:48:08.665 INFO [main] org.apache.catalina.core.ApplicationContext.log Initializing Spring CubaDispatcherServlet 'dispatcher'
11-Jul-2019 18:48:10.011 INFO [main] org.apache.catalina.core.ApplicationContext.log Initializing Spring CubaRestApiServlet 'rest_api'
11-Jul-2019 18:48:11.562 INFO [main] org.apache.catalina.core.ApplicationContext.log Initializing AtmosphereFramework
11-Jul-2019 18:48:11.562 INFO [main] org.apache.catalina.core.ApplicationContext.log No Spring WebApplicationInitializer types detected on classpath
11-Jul-2019 18:48:20.165 INFO [main] org.apache.catalina.core.ApplicationContext.log Initializing Spring RemotingServlet 'remoting'
11-Jul-2019 18:52:15.009 INFO [main] org.apache.catalina.core.ApplicationContext.log Initializing AtmosphereFramework
11-Jul-2019 18:52:15.194 INFO [main] org.apache.catalina.core.ApplicationContext.log No Spring WebApplicationInitializer types detected on classpath
11-Jul-2019 18:52:21.512 INFO [main] org.apache.catalina.core.ApplicationContext.log Initializing Spring CubaDispatcherServlet 'dispatcher'
11-Jul-2019 18:52:22.998 INFO [main] org.apache.catalina.core.ApplicationContext.log Initializing Spring CubaRestApiServlet 'rest_api'
11-Jul-2019 18:52:24.654 INFO [main] org.apache.catalina.core.ApplicationContext.log Initializing AtmosphereFramework
11-Jul-2019 18:52:24.654 INFO [main] org.apache.catalina.core.ApplicationContext.log No Spring WebApplicationInitializer types detected on classpath
11-Jul-2019 18:52:24.853 SEVERE [main] org.apache.catalina.core.StandardContext.listenerStart Exception sending context initialized event to listener instance of class [com.haulmont.cuba.core.sys.AppContextLoader]
 java.lang.RuntimeException: java.lang.ClassNotFoundException: com.company.utilitylibrary.entity.User
	at com.haulmont.bali.util.ReflectionHelper.getClass(ReflectionHelper.java:73)
	at com.haulmont.cuba.core.sys.persistence.PersistenceConfigProcessor.addClasses(PersistenceConfigProcessor.java:183)
	at com.haulmont.cuba.core.sys.persistence.PersistenceConfigProcessor.create(PersistenceConfigProcessor.java:81)
	at com.haulmont.cuba.core.sys.AppContextLoader.createPersistenceXml(AppContextLoader.java:69)
	at java.util.ArrayList.forEach(ArrayList.java:1257)
	at com.haulmont.cuba.core.sys.AppContextLoader.beforeInitAppContext(AppContextLoader.java:84)
	at com.haulmont.cuba.core.sys.AbstractWebAppContextLoader.contextInitialized(AbstractWebAppContextLoader.java:77)
	at org.apache.catalina.core.StandardContext.listenerStart(StandardContext.java:4663)
	at org.apache.catalina.core.StandardContext.startInternal(StandardContext.java:5131)
	at org.apache.catalina.util.LifecycleBase.start(LifecycleBase.java:183)
	at org.apache.catalina.core.ContainerBase.addChildInternal(ContainerBase.java:713)
	at org.apache.catalina.core.ContainerBase.addChild(ContainerBase.java:690)
	at org.apache.catalina.core.StandardHost.addChild(StandardHost.java:695)
	at org.apache.catalina.startup.HostConfig.deployDirectory(HostConfig.java:1133)
	at org.apache.catalina.startup.HostConfig$DeployDirectory.run(HostConfig.java:1868)
	at java.util.concurrent.Executors$RunnableAdapter.call(Executors.java:511)
	at java.util.concurrent.FutureTask.run(FutureTask.java:266)
	at org.apache.tomcat.util.threads.InlineExecutorService.execute(InlineExecutorService.java:75)
	at java.util.concurrent.AbstractExecutorService.submit(AbstractExecutorService.java:112)
	at org.apache.catalina.startup.HostConfig.deployDirectories(HostConfig.java:1045)
	at org.apache.catalina.startup.HostConfig.deployApps(HostConfig.java:429)
	at org.apache.catalina.startup.HostConfig.start(HostConfig.java:1577)
	at org.apache.catalina.startup.HostConfig.lifecycleEvent(HostConfig.java:309)
	at org.apache.catalina.util.LifecycleBase.fireLifecycleEvent(LifecycleBase.java:123)
	at org.apache.catalina.util.LifecycleBase.setStateInternal(LifecycleBase.java:424)
	at org.apache.catalina.util.LifecycleBase.setState(LifecycleBase.java:367)
	at org.apache.catalina.core.ContainerBase.startInternal(ContainerBase.java:934)
	at org.apache.catalina.core.StandardHost.startInternal(StandardHost.java:831)
	at org.apache.catalina.util.LifecycleBase.start(LifecycleBase.java:183)
	at org.apache.catalina.core.ContainerBase$StartChild.call(ContainerBase.java:1382)
	at org.apache.catalina.core.ContainerBase$StartChild.call(ContainerBase.java:1372)
	at java.util.concurrent.FutureTask.run(FutureTask.java:266)
	at org.apache.tomcat.util.threads.InlineExecutorService.execute(InlineExecutorService.java:75)
	at java.util.concurrent.AbstractExecutorService.submit(AbstractExecutorService.java:134)
	at org.apache.catalina.core.ContainerBase.startInternal(ContainerBase.java:907)
	at org.apache.catalina.core.StandardEngine.startInternal(StandardEngine.java:262)
	at org.apache.catalina.util.LifecycleBase.start(LifecycleBase.java:183)
	at org.apache.catalina.core.StandardService.startInternal(StandardService.java:423)
	at org.apache.catalina.util.LifecycleBase.start(LifecycleBase.java:183)
	at org.apache.catalina.core.StandardServer.startInternal(StandardServer.java:933)
	at org.apache.catalina.util.LifecycleBase.start(LifecycleBase.java:183)
	at org.apache.catalina.startup.Catalina.start(Catalina.java:637)
	at sun.reflect.NativeMethodAccessorImpl.invoke0(Native Method)
	at sun.reflect.NativeMethodAccessorImpl.invoke(NativeMethodAccessorImpl.java:62)
	at sun.reflect.DelegatingMethodAccessorImpl.invoke(DelegatingMethodAccessorImpl.java:43)
	at java.lang.reflect.Method.invoke(Method.java:498)
	at org.apache.catalina.startup.Bootstrap.start(Bootstrap.java:350)
	at org.apache.catalina.startup.Bootstrap.main(Bootstrap.java:492)
Caused by: java.lang.ClassNotFoundException: com.company.utilitylibrary.entity.User
	at org.apache.catalina.loader.WebappClassLoaderBase.loadClass(WebappClassLoaderBase.java:1343)
	at org.apache.catalina.loader.WebappClassLoaderBase.loadClass(WebappClassLoaderBase.java:1173)
	at com.haulmont.bali.util.ReflectionHelper.loadClass(ReflectionHelper.java:61)
	at com.haulmont.bali.util.ReflectionHelper.getClass(ReflectionHelper.java:71)
	... 47 more

11-Jul-2019 18:52:24.868 SEVERE [main] org.apache.catalina.core.StandardContext.listenerStop Exception sending context destroyed event to listener instance of class [com.haulmont.cuba.core.sys.AppContextLoader]
 java.lang.NullPointerException
	at com.haulmont.cuba.core.sys.AbstractWebAppContextLoader.contextDestroyed(AbstractWebAppContextLoader.java:106)
	at org.apache.catalina.core.StandardContext.listenerStop(StandardContext.java:4710)
	at org.apache.catalina.core.StandardContext.stopInternal(StandardContext.java:5353)
	at org.apache.catalina.util.LifecycleBase.stop(LifecycleBase.java:257)
	at org.apache.catalina.util.LifecycleBase.start(LifecycleBase.java:187)
	at org.apache.catalina.core.ContainerBase.addChildInternal(ContainerBase.java:713)
	at org.apache.catalina.core.ContainerBase.addChild(ContainerBase.java:690)
	at org.apache.catalina.core.StandardHost.addChild(StandardHost.java:695)
	at org.apache.catalina.startup.HostConfig.deployDirectory(HostConfig.java:1133)
	at org.apache.catalina.startup.HostConfig$DeployDirectory.run(HostConfig.java:1868)
	at java.util.concurrent.Executors$RunnableAdapter.call(Executors.java:511)
	at java.util.concurrent.FutureTask.run(FutureTask.java:266)
	at org.apache.tomcat.util.threads.InlineExecutorService.execute(InlineExecutorService.java:75)
	at java.util.concurrent.AbstractExecutorService.submit(AbstractExecutorService.java:112)
	at org.apache.catalina.startup.HostConfig.deployDirectories(HostConfig.java:1045)
	at org.apache.catalina.startup.HostConfig.deployApps(HostConfig.java:429)
	at org.apache.catalina.startup.HostConfig.start(HostConfig.java:1577)
	at org.apache.catalina.startup.HostConfig.lifecycleEvent(HostConfig.java:309)
	at org.apache.catalina.util.LifecycleBase.fireLifecycleEvent(LifecycleBase.java:123)
	at org.apache.catalina.util.LifecycleBase.setStateInternal(LifecycleBase.java:424)
	at org.apache.catalina.util.LifecycleBase.setState(LifecycleBase.java:367)
	at org.apache.catalina.core.ContainerBase.startInternal(ContainerBase.java:934)
	at org.apache.catalina.core.StandardHost.startInternal(StandardHost.java:831)
	at org.apache.catalina.util.LifecycleBase.start(LifecycleBase.java:183)
	at org.apache.catalina.core.ContainerBase$StartChild.call(ContainerBase.java:1382)
	at org.apache.catalina.core.ContainerBase$StartChild.call(ContainerBase.java:1372)
	at java.util.concurrent.FutureTask.run(FutureTask.java:266)
	at org.apache.tomcat.util.threads.InlineExecutorService.execute(InlineExecutorService.java:75)
	at java.util.concurrent.AbstractExecutorService.submit(AbstractExecutorService.java:134)
	at org.apache.catalina.core.ContainerBase.startInternal(ContainerBase.java:907)
	at org.apache.catalina.core.StandardEngine.startInternal(StandardEngine.java:262)
	at org.apache.catalina.util.LifecycleBase.start(LifecycleBase.java:183)
	at org.apache.catalina.core.StandardService.startInternal(StandardService.java:423)
	at org.apache.catalina.util.LifecycleBase.start(LifecycleBase.java:183)
	at org.apache.catalina.core.StandardServer.startInternal(StandardServer.java:933)
	at org.apache.catalina.util.LifecycleBase.start(LifecycleBase.java:183)
	at org.apache.catalina.startup.Catalina.start(Catalina.java:637)
	at sun.reflect.NativeMethodAccessorImpl.invoke0(Native Method)
	at sun.reflect.NativeMethodAccessorImpl.invoke(NativeMethodAccessorImpl.java:62)
	at sun.reflect.DelegatingMethodAccessorImpl.invoke(DelegatingMethodAccessorImpl.java:43)
	at java.lang.reflect.Method.invoke(Method.java:498)
	at org.apache.catalina.startup.Bootstrap.start(Bootstrap.java:350)
	at org.apache.catalina.startup.Bootstrap.main(Bootstrap.java:492)

11-Jul-2019 18:53:52.081 INFO [main] org.apache.catalina.core.ApplicationContext.log Initializing AtmosphereFramework
11-Jul-2019 18:53:52.275 INFO [main] org.apache.catalina.core.ApplicationContext.log No Spring WebApplicationInitializer types detected on classpath
11-Jul-2019 18:53:57.561 INFO [main] org.apache.catalina.core.ApplicationContext.log Initializing Spring CubaDispatcherServlet 'dispatcher'
11-Jul-2019 18:53:58.757 INFO [main] org.apache.catalina.core.ApplicationContext.log Initializing Spring CubaRestApiServlet 'rest_api'
11-Jul-2019 18:54:01.601 INFO [main] org.apache.catalina.core.ApplicationContext.log Initializing AtmosphereFramework
11-Jul-2019 18:54:01.602 INFO [main] org.apache.catalina.core.ApplicationContext.log No Spring WebApplicationInitializer types detected on classpath
11-Jul-2019 18:54:10.051 INFO [main] org.apache.catalina.core.ApplicationContext.log Initializing Spring RemotingServlet 'remoting'
11-Jul-2019 18:56:06.248 INFO [main] org.apache.catalina.core.ApplicationContext.log Initializing AtmosphereFramework
11-Jul-2019 18:56:06.451 INFO [main] org.apache.catalina.core.ApplicationContext.log No Spring WebApplicationInitializer types detected on classpath
11-Jul-2019 18:56:11.509 INFO [main] org.apache.catalina.core.ApplicationContext.log Initializing Spring CubaDispatcherServlet 'dispatcher'
11-Jul-2019 18:56:12.693 INFO [main] org.apache.catalina.core.ApplicationContext.log Initializing Spring CubaRestApiServlet 'rest_api'
11-Jul-2019 18:56:13.850 INFO [main] org.apache.catalina.core.ApplicationContext.log Initializing AtmosphereFramework
11-Jul-2019 18:56:13.850 INFO [main] org.apache.catalina.core.ApplicationContext.log No Spring WebApplicationInitializer types detected on classpath
11-Jul-2019 18:56:20.981 INFO [main] org.apache.catalina.core.ApplicationContext.log Initializing Spring RemotingServlet 'remoting'
11-Jul-2019 18:59:50.274 INFO [main] org.apache.catalina.core.ApplicationContext.log Initializing AtmosphereFramework
11-Jul-2019 18:59:50.521 INFO [main] org.apache.catalina.core.ApplicationContext.log No Spring WebApplicationInitializer types detected on classpath
11-Jul-2019 18:59:56.095 INFO [main] org.apache.catalina.core.ApplicationContext.log Initializing Spring CubaDispatcherServlet 'dispatcher'
11-Jul-2019 18:59:57.408 INFO [main] org.apache.catalina.core.ApplicationContext.log Initializing Spring CubaRestApiServlet 'rest_api'
11-Jul-2019 18:59:58.698 INFO [main] org.apache.catalina.core.ApplicationContext.log Initializing AtmosphereFramework
11-Jul-2019 18:59:58.698 INFO [main] org.apache.catalina.core.ApplicationContext.log No Spring WebApplicationInitializer types detected on classpath
11-Jul-2019 19:00:06.304 INFO [main] org.apache.catalina.core.ApplicationContext.log Initializing Spring RemotingServlet 'remoting'
11-Jul-2019 19:01:29.852 INFO [main] org.apache.catalina.core.ApplicationContext.log Initializing AtmosphereFramework
11-Jul-2019 19:01:30.049 INFO [main] org.apache.catalina.core.ApplicationContext.log No Spring WebApplicationInitializer types detected on classpath
11-Jul-2019 19:01:35.770 INFO [main] org.apache.catalina.core.ApplicationContext.log Initializing Spring CubaDispatcherServlet 'dispatcher'
11-Jul-2019 19:01:36.953 INFO [main] org.apache.catalina.core.ApplicationContext.log Initializing Spring CubaRestApiServlet 'rest_api'
11-Jul-2019 19:01:38.030 INFO [main] org.apache.catalina.core.ApplicationContext.log Initializing AtmosphereFramework
11-Jul-2019 19:01:38.030 INFO [main] org.apache.catalina.core.ApplicationContext.log No Spring WebApplicationInitializer types detected on classpath
11-Jul-2019 19:01:45.129 INFO [main] org.apache.catalina.core.ApplicationContext.log Initializing Spring RemotingServlet 'remoting'
11-Jul-2019 20:34:40.024 INFO [main] org.apache.catalina.core.ApplicationContext.log Initializing AtmosphereFramework
11-Jul-2019 20:34:40.250 INFO [main] org.apache.catalina.core.ApplicationContext.log No Spring WebApplicationInitializer types detected on classpath
11-Jul-2019 20:34:51.111 INFO [main] org.apache.catalina.core.ApplicationContext.log Initializing Spring CubaDispatcherServlet 'dispatcher'
11-Jul-2019 20:34:52.673 INFO [main] org.apache.catalina.core.ApplicationContext.log Initializing Spring CubaRestApiServlet 'rest_api'
11-Jul-2019 20:34:55.095 INFO [main] org.apache.catalina.core.ApplicationContext.log Initializing AtmosphereFramework
11-Jul-2019 20:34:55.095 INFO [main] org.apache.catalina.core.ApplicationContext.log No Spring WebApplicationInitializer types detected on classpath
11-Jul-2019 20:35:08.155 INFO [main] org.apache.catalina.core.ApplicationContext.log Initializing Spring RemotingServlet 'remoting'
11-Jul-2019 20:35:26.861 INFO [main] org.apache.catalina.core.ApplicationContext.log Destroying Spring FrameworkServlet 'rest_api'
11-Jul-2019 20:35:26.870 INFO [main] org.apache.catalina.core.ApplicationContext.log Destroying Spring FrameworkServlet 'dispatcher'
11-Jul-2019 20:35:26.905 INFO [main] org.apache.catalina.core.ApplicationContext.log Destroying Spring FrameworkServlet 'remoting'
11-Jul-2019 20:44:13.854 INFO [main] org.apache.catalina.core.ApplicationContext.log Initializing AtmosphereFramework
11-Jul-2019 20:44:14.055 INFO [main] org.apache.catalina.core.ApplicationContext.log No Spring WebApplicationInitializer types detected on classpath
11-Jul-2019 20:44:24.627 INFO [main] org.apache.catalina.core.ApplicationContext.log Initializing Spring CubaDispatcherServlet 'dispatcher'
11-Jul-2019 20:44:26.013 INFO [main] org.apache.catalina.core.ApplicationContext.log Initializing Spring CubaRestApiServlet 'rest_api'
11-Jul-2019 20:44:28.772 INFO [main] org.apache.catalina.core.ApplicationContext.log Initializing AtmosphereFramework
11-Jul-2019 20:44:28.773 INFO [main] org.apache.catalina.core.ApplicationContext.log No Spring WebApplicationInitializer types detected on classpath
11-Jul-2019 20:44:44.291 INFO [main] org.apache.catalina.core.ApplicationContext.log Initializing Spring RemotingServlet 'remoting'
11-Jul-2019 20:47:19.179 INFO [main] org.apache.catalina.core.ApplicationContext.log Destroying Spring FrameworkServlet 'rest_api'
11-Jul-2019 20:47:19.190 INFO [main] org.apache.catalina.core.ApplicationContext.log Destroying Spring FrameworkServlet 'dispatcher'
11-Jul-2019 20:47:19.235 INFO [main] org.apache.catalina.core.ApplicationContext.log Destroying Spring FrameworkServlet 'remoting'
11-Jul-2019 20:51:20.350 INFO [main] org.apache.catalina.core.ApplicationContext.log Initializing AtmosphereFramework
11-Jul-2019 20:51:20.588 INFO [main] org.apache.catalina.core.ApplicationContext.log No Spring WebApplicationInitializer types detected on classpath
11-Jul-2019 20:51:31.267 INFO [main] org.apache.catalina.core.ApplicationContext.log Initializing Spring CubaDispatcherServlet 'dispatcher'
11-Jul-2019 20:51:33.102 INFO [main] org.apache.catalina.core.ApplicationContext.log Initializing Spring CubaRestApiServlet 'rest_api'
11-Jul-2019 20:51:35.685 INFO [main] org.apache.catalina.core.ApplicationContext.log Initializing AtmosphereFramework
11-Jul-2019 20:51:35.686 INFO [main] org.apache.catalina.core.ApplicationContext.log No Spring WebApplicationInitializer types detected on classpath
11-Jul-2019 20:51:51.169 INFO [main] org.apache.catalina.core.ApplicationContext.log Initializing Spring RemotingServlet 'remoting'
11-Jul-2019 21:10:42.582 INFO [main] org.apache.catalina.core.ApplicationContext.log Destroying Spring FrameworkServlet 'rest_api'
11-Jul-2019 21:10:42.590 INFO [main] org.apache.catalina.core.ApplicationContext.log Destroying Spring FrameworkServlet 'dispatcher'
11-Jul-2019 21:10:42.620 INFO [main] org.apache.catalina.core.ApplicationContext.log Destroying Spring FrameworkServlet 'remoting'
11-Jul-2019 21:10:59.173 INFO [main] org.apache.catalina.core.ApplicationContext.log Initializing AtmosphereFramework
11-Jul-2019 21:10:59.381 INFO [main] org.apache.catalina.core.ApplicationContext.log No Spring WebApplicationInitializer types detected on classpath
11-Jul-2019 21:11:09.889 INFO [main] org.apache.catalina.core.ApplicationContext.log Initializing Spring CubaDispatcherServlet 'dispatcher'
11-Jul-2019 21:11:11.559 INFO [main] org.apache.catalina.core.ApplicationContext.log Initializing Spring CubaRestApiServlet 'rest_api'
11-Jul-2019 21:11:14.053 INFO [main] org.apache.catalina.core.ApplicationContext.log Initializing AtmosphereFramework
11-Jul-2019 21:11:14.053 INFO [main] org.apache.catalina.core.ApplicationContext.log No Spring WebApplicationInitializer types detected on classpath
11-Jul-2019 21:11:29.999 INFO [main] org.apache.catalina.core.ApplicationContext.log Initializing Spring RemotingServlet 'remoting'
11-Jul-2019 21:12:00.662 INFO [main] org.apache.catalina.core.ApplicationContext.log Destroying Spring FrameworkServlet 'rest_api'
11-Jul-2019 21:12:00.674 INFO [main] org.apache.catalina.core.ApplicationContext.log Destroying Spring FrameworkServlet 'dispatcher'
11-Jul-2019 21:12:00.714 INFO [main] org.apache.catalina.core.ApplicationContext.log Destroying Spring FrameworkServlet 'remoting'
11-Jul-2019 21:12:10.909 INFO [main] org.apache.catalina.core.ApplicationContext.log Initializing AtmosphereFramework
11-Jul-2019 21:12:11.175 INFO [main] org.apache.catalina.core.ApplicationContext.log No Spring WebApplicationInitializer types detected on classpath
11-Jul-2019 21:12:22.319 INFO [main] org.apache.catalina.core.ApplicationContext.log Initializing Spring CubaDispatcherServlet 'dispatcher'
11-Jul-2019 21:12:24.255 INFO [main] org.apache.catalina.core.ApplicationContext.log Initializing Spring CubaRestApiServlet 'rest_api'
11-Jul-2019 21:12:26.647 INFO [main] org.apache.catalina.core.ApplicationContext.log Initializing AtmosphereFramework
11-Jul-2019 21:12:26.648 INFO [main] org.apache.catalina.core.ApplicationContext.log No Spring WebApplicationInitializer types detected on classpath
11-Jul-2019 21:12:41.367 INFO [main] org.apache.catalina.core.ApplicationContext.log Initializing Spring RemotingServlet 'remoting'
11-Jul-2019 21:13:56.123 INFO [main] org.apache.catalina.core.ApplicationContext.log Destroying Spring FrameworkServlet 'rest_api'
11-Jul-2019 21:13:56.134 INFO [main] org.apache.catalina.core.ApplicationContext.log Destroying Spring FrameworkServlet 'dispatcher'
11-Jul-2019 21:13:56.181 INFO [main] org.apache.catalina.core.ApplicationContext.log Destroying Spring FrameworkServlet 'remoting'
11-Jul-2019 21:14:06.593 INFO [main] org.apache.catalina.core.ApplicationContext.log Initializing AtmosphereFramework
11-Jul-2019 21:14:06.801 INFO [main] org.apache.catalina.core.ApplicationContext.log No Spring WebApplicationInitializer types detected on classpath
11-Jul-2019 21:14:16.141 INFO [main] org.apache.catalina.core.ApplicationContext.log Initializing Spring CubaDispatcherServlet 'dispatcher'
11-Jul-2019 21:14:17.850 INFO [main] org.apache.catalina.core.ApplicationContext.log Initializing Spring CubaRestApiServlet 'rest_api'
11-Jul-2019 21:14:20.243 INFO [main] org.apache.catalina.core.ApplicationContext.log Initializing AtmosphereFramework
11-Jul-2019 21:14:20.243 INFO [main] org.apache.catalina.core.ApplicationContext.log No Spring WebApplicationInitializer types detected on classpath
11-Jul-2019 21:14:32.802 INFO [main] org.apache.catalina.core.ApplicationContext.log Initializing Spring RemotingServlet 'remoting'
11-Jul-2019 21:14:58.031 INFO [main] org.apache.catalina.core.ApplicationContext.log Destroying Spring FrameworkServlet 'rest_api'
11-Jul-2019 21:14:58.050 INFO [main] org.apache.catalina.core.ApplicationContext.log Destroying Spring FrameworkServlet 'dispatcher'
11-Jul-2019 21:14:58.100 INFO [main] org.apache.catalina.core.ApplicationContext.log Destroying Spring FrameworkServlet 'remoting'
11-Jul-2019 21:15:08.722 INFO [main] org.apache.catalina.core.ApplicationContext.log Initializing AtmosphereFramework
11-Jul-2019 21:15:08.941 INFO [main] org.apache.catalina.core.ApplicationContext.log No Spring WebApplicationInitializer types detected on classpath
11-Jul-2019 21:15:19.817 INFO [main] org.apache.catalina.core.ApplicationContext.log Initializing Spring CubaDispatcherServlet 'dispatcher'
11-Jul-2019 21:15:21.981 INFO [main] org.apache.catalina.core.ApplicationContext.log Initializing Spring CubaRestApiServlet 'rest_api'
11-Jul-2019 21:15:24.581 INFO [main] org.apache.catalina.core.ApplicationContext.log Initializing AtmosphereFramework
11-Jul-2019 21:15:24.581 INFO [main] org.apache.catalina.core.ApplicationContext.log No Spring WebApplicationInitializer types detected on classpath
11-Jul-2019 21:15:37.495 INFO [main] org.apache.catalina.core.ApplicationContext.log Initializing Spring RemotingServlet 'remoting'
11-Jul-2019 21:17:07.645 INFO [main] org.apache.catalina.core.ApplicationContext.log Destroying Spring FrameworkServlet 'rest_api'
11-Jul-2019 21:17:07.659 INFO [main] org.apache.catalina.core.ApplicationContext.log Destroying Spring FrameworkServlet 'dispatcher'
11-Jul-2019 21:17:07.720 INFO [main] org.apache.catalina.core.ApplicationContext.log Destroying Spring FrameworkServlet 'remoting'
11-Jul-2019 21:17:17.330 INFO [main] org.apache.catalina.core.ApplicationContext.log Initializing AtmosphereFramework
11-Jul-2019 21:17:17.631 INFO [main] org.apache.catalina.core.ApplicationContext.log No Spring WebApplicationInitializer types detected on classpath
11-Jul-2019 21:17:29.074 INFO [main] org.apache.catalina.core.ApplicationContext.log Initializing Spring CubaDispatcherServlet 'dispatcher'
11-Jul-2019 21:17:30.925 INFO [main] org.apache.catalina.core.ApplicationContext.log Initializing Spring CubaRestApiServlet 'rest_api'
11-Jul-2019 21:17:33.653 INFO [main] org.apache.catalina.core.ApplicationContext.log Initializing AtmosphereFramework
11-Jul-2019 21:17:33.653 INFO [main] org.apache.catalina.core.ApplicationContext.log No Spring WebApplicationInitializer types detected on classpath
11-Jul-2019 21:17:48.759 INFO [main] org.apache.catalina.core.ApplicationContext.log Initializing Spring RemotingServlet 'remoting'
11-Jul-2019 21:18:55.375 INFO [main] org.apache.catalina.core.ApplicationContext.log Destroying Spring FrameworkServlet 'rest_api'
11-Jul-2019 21:18:55.386 INFO [main] org.apache.catalina.core.ApplicationContext.log Destroying Spring FrameworkServlet 'dispatcher'
11-Jul-2019 21:18:55.424 INFO [main] org.apache.catalina.core.ApplicationContext.log Destroying Spring FrameworkServlet 'remoting'
11-Jul-2019 21:19:15.541 INFO [main] org.apache.catalina.core.ApplicationContext.log Initializing AtmosphereFramework
11-Jul-2019 21:19:15.824 INFO [main] org.apache.catalina.core.ApplicationContext.log No Spring WebApplicationInitializer types detected on classpath
11-Jul-2019 21:19:28.642 INFO [main] org.apache.catalina.core.ApplicationContext.log Initializing Spring CubaDispatcherServlet 'dispatcher'
11-Jul-2019 21:19:30.764 INFO [main] org.apache.catalina.core.ApplicationContext.log Initializing Spring CubaRestApiServlet 'rest_api'
11-Jul-2019 21:19:33.605 INFO [main] org.apache.catalina.core.ApplicationContext.log Initializing AtmosphereFramework
11-Jul-2019 21:19:33.606 INFO [main] org.apache.catalina.core.ApplicationContext.log No Spring WebApplicationInitializer types detected on classpath
11-Jul-2019 21:19:50.354 INFO [main] org.apache.catalina.core.ApplicationContext.log Initializing Spring RemotingServlet 'remoting'
11-Jul-2019 21:22:00.152 INFO [main] org.apache.catalina.core.ApplicationContext.log Destroying Spring FrameworkServlet 'rest_api'
11-Jul-2019 21:22:00.160 INFO [main] org.apache.catalina.core.ApplicationContext.log Destroying Spring FrameworkServlet 'dispatcher'
11-Jul-2019 21:22:00.194 INFO [main] org.apache.catalina.core.ApplicationContext.log Destroying Spring FrameworkServlet 'remoting'
11-Jul-2019 21:33:57.286 INFO [main] org.apache.catalina.core.ApplicationContext.log Initializing AtmosphereFramework
11-Jul-2019 21:33:57.504 INFO [main] org.apache.catalina.core.ApplicationContext.log No Spring WebApplicationInitializer types detected on classpath
11-Jul-2019 21:34:07.950 INFO [main] org.apache.catalina.core.ApplicationContext.log Initializing Spring CubaDispatcherServlet 'dispatcher'
11-Jul-2019 21:34:09.709 INFO [main] org.apache.catalina.core.ApplicationContext.log Initializing Spring CubaRestApiServlet 'rest_api'
11-Jul-2019 21:34:12.550 INFO [main] org.apache.catalina.core.ApplicationContext.log Initializing AtmosphereFramework
11-Jul-2019 21:34:12.551 INFO [main] org.apache.catalina.core.ApplicationContext.log No Spring WebApplicationInitializer types detected on classpath
11-Jul-2019 21:34:29.842 INFO [main] org.apache.catalina.core.ApplicationContext.log Initializing Spring RemotingServlet 'remoting'
11-Jul-2019 21:40:34.195 INFO [main] org.apache.catalina.core.ApplicationContext.log Destroying Spring FrameworkServlet 'rest_api'
11-Jul-2019 21:40:34.208 INFO [main] org.apache.catalina.core.ApplicationContext.log Destroying Spring FrameworkServlet 'dispatcher'
11-Jul-2019 21:40:34.237 INFO [main] org.apache.catalina.core.ApplicationContext.log Destroying Spring FrameworkServlet 'remoting'
11-Jul-2019 21:43:40.655 INFO [main] org.apache.catalina.core.ApplicationContext.log Initializing AtmosphereFramework
11-Jul-2019 21:43:40.871 INFO [main] org.apache.catalina.core.ApplicationContext.log No Spring WebApplicationInitializer types detected on classpath
11-Jul-2019 21:43:51.106 INFO [main] org.apache.catalina.core.ApplicationContext.log Initializing Spring CubaDispatcherServlet 'dispatcher'
11-Jul-2019 21:43:52.789 INFO [main] org.apache.catalina.core.ApplicationContext.log Initializing Spring CubaRestApiServlet 'rest_api'
11-Jul-2019 21:43:55.539 INFO [main] org.apache.catalina.core.ApplicationContext.log Initializing AtmosphereFramework
11-Jul-2019 21:43:55.541 INFO [main] org.apache.catalina.core.ApplicationContext.log No Spring WebApplicationInitializer types detected on classpath
11-Jul-2019 21:44:12.979 INFO [main] org.apache.catalina.core.ApplicationContext.log Initializing Spring RemotingServlet 'remoting'
11-Jul-2019 21:53:02.846 INFO [main] org.apache.catalina.core.ApplicationContext.log Destroying Spring FrameworkServlet 'rest_api'
11-Jul-2019 21:53:02.859 INFO [main] org.apache.catalina.core.ApplicationContext.log Destroying Spring FrameworkServlet 'dispatcher'
11-Jul-2019 21:53:02.892 INFO [main] org.apache.catalina.core.ApplicationContext.log Destroying Spring FrameworkServlet 'remoting'
11-Jul-2019 22:51:24.587 INFO [main] org.apache.catalina.core.ApplicationContext.log Initializing AtmosphereFramework
11-Jul-2019 22:51:24.837 INFO [main] org.apache.catalina.core.ApplicationContext.log No Spring WebApplicationInitializer types detected on classpath
11-Jul-2019 22:51:36.080 INFO [main] org.apache.catalina.core.ApplicationContext.log Initializing Spring CubaDispatcherServlet 'dispatcher'
11-Jul-2019 22:51:38.175 INFO [main] org.apache.catalina.core.ApplicationContext.log Initializing Spring CubaRestApiServlet 'rest_api'
11-Jul-2019 22:51:41.000 INFO [main] org.apache.catalina.core.ApplicationContext.log Initializing AtmosphereFramework
11-Jul-2019 22:51:41.000 INFO [main] org.apache.catalina.core.ApplicationContext.log No Spring WebApplicationInitializer types detected on classpath
11-Jul-2019 22:52:05.963 INFO [main] org.apache.catalina.core.ApplicationContext.log Initializing Spring RemotingServlet 'remoting'
11-Jul-2019 22:54:36.131 INFO [main] org.apache.catalina.core.ApplicationContext.log Destroying Spring FrameworkServlet 'rest_api'
11-Jul-2019 22:54:36.170 INFO [main] org.apache.catalina.core.ApplicationContext.log Destroying Spring FrameworkServlet 'dispatcher'
11-Jul-2019 22:54:36.461 INFO [main] org.apache.catalina.core.ApplicationContext.log Destroying Spring FrameworkServlet 'remoting'
11-Jul-2019 22:58:14.346 INFO [main] org.apache.catalina.core.ApplicationContext.log Initializing AtmosphereFramework
11-Jul-2019 22:58:14.564 INFO [main] org.apache.catalina.core.ApplicationContext.log No Spring WebApplicationInitializer types detected on classpath
11-Jul-2019 22:58:24.970 INFO [main] org.apache.catalina.core.ApplicationContext.log Initializing Spring CubaDispatcherServlet 'dispatcher'
11-Jul-2019 22:58:26.639 INFO [main] org.apache.catalina.core.ApplicationContext.log Initializing Spring CubaRestApiServlet 'rest_api'
11-Jul-2019 22:58:29.135 INFO [main] org.apache.catalina.core.ApplicationContext.log Initializing AtmosphereFramework
11-Jul-2019 22:58:29.136 INFO [main] org.apache.catalina.core.ApplicationContext.log No Spring WebApplicationInitializer types detected on classpath
11-Jul-2019 22:58:44.809 INFO [main] org.apache.catalina.core.ApplicationContext.log Initializing Spring RemotingServlet 'remoting'
11-Jul-2019 23:00:30.695 INFO [main] org.apache.catalina.core.ApplicationContext.log Destroying Spring FrameworkServlet 'rest_api'
11-Jul-2019 23:00:30.705 INFO [main] org.apache.catalina.core.ApplicationContext.log Destroying Spring FrameworkServlet 'dispatcher'
11-Jul-2019 23:00:30.824 INFO [main] org.apache.catalina.core.ApplicationContext.log Destroying Spring FrameworkServlet 'remoting'
11-Jul-2019 23:00:44.166 INFO [main] org.apache.catalina.core.ApplicationContext.log Initializing AtmosphereFramework
11-Jul-2019 23:00:44.387 INFO [main] org.apache.catalina.core.ApplicationContext.log No Spring WebApplicationInitializer types detected on classpath
11-Jul-2019 23:00:53.059 INFO [main] org.apache.catalina.core.ApplicationContext.log Initializing Spring CubaDispatcherServlet 'dispatcher'
11-Jul-2019 23:00:54.471 INFO [main] org.apache.catalina.core.ApplicationContext.log Initializing Spring CubaRestApiServlet 'rest_api'
11-Jul-2019 23:00:56.379 INFO [main] org.apache.catalina.core.ApplicationContext.log Initializing AtmosphereFramework
11-Jul-2019 23:00:56.379 INFO [main] org.apache.catalina.core.ApplicationContext.log No Spring WebApplicationInitializer types detected on classpath
11-Jul-2019 23:01:10.414 INFO [main] org.apache.catalina.core.ApplicationContext.log Initializing Spring RemotingServlet 'remoting'
11-Jul-2019 23:06:01.222 INFO [main] org.apache.catalina.core.ApplicationContext.log Destroying Spring FrameworkServlet 'rest_api'
11-Jul-2019 23:06:01.239 INFO [main] org.apache.catalina.core.ApplicationContext.log Destroying Spring FrameworkServlet 'dispatcher'
11-Jul-2019 23:06:01.302 INFO [main] org.apache.catalina.core.ApplicationContext.log Destroying Spring FrameworkServlet 'remoting'
11-Jul-2019 23:06:22.912 INFO [main] org.apache.catalina.core.ApplicationContext.log Initializing AtmosphereFramework
11-Jul-2019 23:06:23.150 INFO [main] org.apache.catalina.core.ApplicationContext.log No Spring WebApplicationInitializer types detected on classpath
11-Jul-2019 23:06:34.419 INFO [main] org.apache.catalina.core.ApplicationContext.log Initializing Spring CubaDispatcherServlet 'dispatcher'
11-Jul-2019 23:06:36.156 INFO [main] org.apache.catalina.core.ApplicationContext.log Initializing Spring CubaRestApiServlet 'rest_api'
11-Jul-2019 23:06:38.540 INFO [main] org.apache.catalina.core.ApplicationContext.log Initializing AtmosphereFramework
11-Jul-2019 23:06:38.540 INFO [main] org.apache.catalina.core.ApplicationContext.log No Spring WebApplicationInitializer types detected on classpath
11-Jul-2019 23:06:52.216 INFO [main] org.apache.catalina.core.ApplicationContext.log Initializing Spring RemotingServlet 'remoting'
11-Jul-2019 23:07:30.386 INFO [main] org.apache.catalina.core.ApplicationContext.log Destroying Spring FrameworkServlet 'rest_api'
11-Jul-2019 23:07:30.397 INFO [main] org.apache.catalina.core.ApplicationContext.log Destroying Spring FrameworkServlet 'dispatcher'
11-Jul-2019 23:07:30.434 INFO [main] org.apache.catalina.core.ApplicationContext.log Destroying Spring FrameworkServlet 'remoting'
11-Jul-2019 23:08:39.411 INFO [main] org.apache.catalina.core.ApplicationContext.log Initializing AtmosphereFramework
11-Jul-2019 23:08:39.623 INFO [main] org.apache.catalina.core.ApplicationContext.log No Spring WebApplicationInitializer types detected on classpath
11-Jul-2019 23:08:52.630 INFO [main] org.apache.catalina.core.ApplicationContext.log Initializing Spring CubaDispatcherServlet 'dispatcher'
11-Jul-2019 23:08:54.489 INFO [main] org.apache.catalina.core.ApplicationContext.log Initializing Spring CubaRestApiServlet 'rest_api'
11-Jul-2019 23:08:57.055 INFO [main] org.apache.catalina.core.ApplicationContext.log Initializing AtmosphereFramework
11-Jul-2019 23:08:57.056 INFO [main] org.apache.catalina.core.ApplicationContext.log No Spring WebApplicationInitializer types detected on classpath
11-Jul-2019 23:09:11.455 INFO [main] org.apache.catalina.core.ApplicationContext.log Initializing Spring RemotingServlet 'remoting'
11-Jul-2019 23:09:35.562 INFO [main] org.apache.catalina.core.ApplicationContext.log Destroying Spring FrameworkServlet 'rest_api'
11-Jul-2019 23:09:35.573 INFO [main] org.apache.catalina.core.ApplicationContext.log Destroying Spring FrameworkServlet 'dispatcher'
11-Jul-2019 23:09:35.614 INFO [main] org.apache.catalina.core.ApplicationContext.log Destroying Spring FrameworkServlet 'remoting'
11-Jul-2019 23:11:53.333 INFO [main] org.apache.catalina.core.ApplicationContext.log Initializing AtmosphereFramework
11-Jul-2019 23:11:53.538 INFO [main] org.apache.catalina.core.ApplicationContext.log No Spring WebApplicationInitializer types detected on classpath
11-Jul-2019 23:12:04.365 INFO [main] org.apache.catalina.core.ApplicationContext.log Initializing Spring CubaDispatcherServlet 'dispatcher'
11-Jul-2019 23:12:06.347 INFO [main] org.apache.catalina.core.ApplicationContext.log Initializing Spring CubaRestApiServlet 'rest_api'
11-Jul-2019 23:12:08.572 INFO [main] org.apache.catalina.core.ApplicationContext.log Initializing AtmosphereFramework
11-Jul-2019 23:12:08.572 INFO [main] org.apache.catalina.core.ApplicationContext.log No Spring WebApplicationInitializer types detected on classpath
11-Jul-2019 23:12:21.791 INFO [main] org.apache.catalina.core.ApplicationContext.log Initializing Spring RemotingServlet 'remoting'
11-Jul-2019 23:16:40.627 INFO [main] org.apache.catalina.core.ApplicationContext.log Destroying Spring FrameworkServlet 'rest_api'
11-Jul-2019 23:16:40.652 INFO [main] org.apache.catalina.core.ApplicationContext.log Destroying Spring FrameworkServlet 'dispatcher'
11-Jul-2019 23:16:40.728 INFO [main] org.apache.catalina.core.ApplicationContext.log Destroying Spring FrameworkServlet 'remoting'
11-Jul-2019 23:17:00.040 INFO [main] org.apache.catalina.core.ApplicationContext.log Initializing AtmosphereFramework
11-Jul-2019 23:17:00.324 INFO [main] org.apache.catalina.core.ApplicationContext.log No Spring WebApplicationInitializer types detected on classpath
11-Jul-2019 23:17:14.985 INFO [main] org.apache.catalina.core.ApplicationContext.log Initializing Spring CubaDispatcherServlet 'dispatcher'
11-Jul-2019 23:17:16.934 INFO [main] org.apache.catalina.core.ApplicationContext.log Initializing Spring CubaRestApiServlet 'rest_api'
11-Jul-2019 23:17:19.549 INFO [main] org.apache.catalina.core.ApplicationContext.log Initializing AtmosphereFramework
11-Jul-2019 23:17:19.549 INFO [main] org.apache.catalina.core.ApplicationContext.log No Spring WebApplicationInitializer types detected on classpath
11-Jul-2019 23:17:35.087 INFO [main] org.apache.catalina.core.ApplicationContext.log Initializing Spring RemotingServlet 'remoting'
11-Jul-2019 23:18:47.531 INFO [main] org.apache.catalina.core.ApplicationContext.log Destroying Spring FrameworkServlet 'rest_api'
11-Jul-2019 23:18:47.539 INFO [main] org.apache.catalina.core.ApplicationContext.log Destroying Spring FrameworkServlet 'dispatcher'
11-Jul-2019 23:18:47.576 INFO [main] org.apache.catalina.core.ApplicationContext.log Destroying Spring FrameworkServlet 'remoting'
11-Jul-2019 23:19:16.916 INFO [main] org.apache.catalina.core.ApplicationContext.log Initializing AtmosphereFramework
11-Jul-2019 23:19:17.125 INFO [main] org.apache.catalina.core.ApplicationContext.log No Spring WebApplicationInitializer types detected on classpath
11-Jul-2019 23:19:27.863 INFO [main] org.apache.catalina.core.ApplicationContext.log Initializing Spring CubaDispatcherServlet 'dispatcher'
11-Jul-2019 23:19:29.513 INFO [main] org.apache.catalina.core.ApplicationContext.log Initializing Spring CubaRestApiServlet 'rest_api'
11-Jul-2019 23:19:31.633 INFO [main] org.apache.catalina.core.ApplicationContext.log Initializing AtmosphereFramework
11-Jul-2019 23:19:31.633 INFO [main] org.apache.catalina.core.ApplicationContext.log No Spring WebApplicationInitializer types detected on classpath
11-Jul-2019 23:19:44.118 INFO [main] org.apache.catalina.core.ApplicationContext.log Initializing Spring RemotingServlet 'remoting'
11-Jul-2019 23:21:51.192 INFO [main] org.apache.catalina.core.ApplicationContext.log Destroying Spring FrameworkServlet 'rest_api'
11-Jul-2019 23:21:51.205 INFO [main] org.apache.catalina.core.ApplicationContext.log Destroying Spring FrameworkServlet 'dispatcher'
11-Jul-2019 23:21:51.271 INFO [main] org.apache.catalina.core.ApplicationContext.log Destroying Spring FrameworkServlet 'remoting'
11-Jul-2019 23:22:32.180 INFO [main] org.apache.catalina.core.ApplicationContext.log Initializing AtmosphereFramework
11-Jul-2019 23:22:32.412 INFO [main] org.apache.catalina.core.ApplicationContext.log No Spring WebApplicationInitializer types detected on classpath
11-Jul-2019 23:22:45.304 INFO [main] org.apache.catalina.core.ApplicationContext.log Initializing Spring CubaDispatcherServlet 'dispatcher'
11-Jul-2019 23:22:47.351 INFO [main] org.apache.catalina.core.ApplicationContext.log Initializing Spring CubaRestApiServlet 'rest_api'
11-Jul-2019 23:22:50.159 INFO [main] org.apache.catalina.core.ApplicationContext.log Initializing AtmosphereFramework
11-Jul-2019 23:22:50.160 INFO [main] org.apache.catalina.core.ApplicationContext.log No Spring WebApplicationInitializer types detected on classpath
11-Jul-2019 23:23:06.712 INFO [main] org.apache.catalina.core.ApplicationContext.log Initializing Spring RemotingServlet 'remoting'
11-Jul-2019 23:27:53.182 INFO [main] org.apache.catalina.core.ApplicationContext.log Destroying Spring FrameworkServlet 'rest_api'
11-Jul-2019 23:27:53.192 INFO [main] org.apache.catalina.core.ApplicationContext.log Destroying Spring FrameworkServlet 'dispatcher'
11-Jul-2019 23:27:53.229 INFO [main] org.apache.catalina.core.ApplicationContext.log Destroying Spring FrameworkServlet 'remoting'
