Performance Statistics   2019-07-11 18:37:00 - 2019-07-11 18:38:00
Tag                                                  Avg(ms)         Min         Max     Std Dev       Count
LoadClass                                                0,8           0           4         1,1          14
Messages.searchClasspath                                 0,1           0           8         0,6         358
Messages.searchFiles                                     0,0           0          14         0,7         358
Metadata.replaceExtendedMetaClasses                      0,0           0           0         0,0           2
WebJARs                                                  7,0           7           7         0,0           1

Performance Statistics   2019-07-11 18:38:00 - 2019-07-11 18:39:00
Tag                                                  Avg(ms)         Min         Max     Std Dev       Count

Performance Statistics   2019-07-11 18:48:00 - 2019-07-11 18:49:00
Tag                                                  Avg(ms)         Min         Max     Std Dev       Count
LoadClass                                                1,1           0           6         1,7          14
Messages.searchClasspath                                 0,1           0           8         0,6         358
Messages.searchFiles                                     0,0           0          13         0,7         358
Metadata.replaceExtendedMetaClasses                      0,0           0           0         0,0           2
WebJARs                                                  9,0           9           9         0,0           1

Performance Statistics   2019-07-11 18:49:00 - 2019-07-11 18:50:00
Tag                                                  Avg(ms)         Min         Max     Std Dev       Count

Performance Statistics   2019-07-11 18:52:00 - 2019-07-11 18:53:00
Tag                                                  Avg(ms)         Min         Max     Std Dev       Count
LoadClass                                                0,5           0           2         0,6          12
Messages.searchClasspath                                 0,4           0           8         1,3          50
Messages.searchFiles                                     0,3           0          16         2,2          50
Metadata.replaceExtendedMetaClasses                      0,0           0           0         0,0           1
WebJARs                                                  7,0           7           7         0,0           1

Performance Statistics   2019-07-11 18:53:00 - 2019-07-11 18:54:00
Tag                                                  Avg(ms)         Min         Max     Std Dev       Count
LoadClass                                                0,2           0           1         0,4          12
Messages.searchClasspath                                 0,4           0           8         1,3          50
Messages.searchFiles                                     0,3           0          13         1,8          50
Metadata.replaceExtendedMetaClasses                      0,0           0           0         0,0           1
WebJARs                                                  7,0           7           7         0,0           1

Performance Statistics   2019-07-11 18:54:00 - 2019-07-11 18:55:00
Tag                                                  Avg(ms)         Min         Max     Std Dev       Count
LoadClass                                                3,7           2           5         1,2           3
Messages.searchClasspath                                 0,0           0           3         0,3         617
Messages.searchFiles                                     0,0           0           0         0,0         617
Metadata.replaceExtendedMetaClasses                      1,0           1           1         0,0           1
PersistenceSecurity.applyConstraints(..)                 3,0           0          11         4,6           4
ViewRepository.init.ViewRepositoryClientImpl            13,0          13          13         0,0           1
ViewRepository.init.ViewRepositoryImpl                  14,0          14          14         0,0           1
ViewRepository.replaceOverridden                         0,0           0           0         0,0           2

Performance Statistics   2019-07-11 18:56:00 - 2019-07-11 18:57:00
Tag                                                  Avg(ms)         Min         Max     Std Dev       Count
LoadClass                                                0,8           0           4         1,2          16
Messages.searchClasspath                                 0,1           0          28         1,2         663
Messages.searchFiles                                     0,0           0          12         0,5         663
Metadata.replaceExtendedMetaClasses                      0,0           0           0         0,0           2
PersistenceSecurity.applyConstraints(..)                 0,3           0           1         0,4           4
ViewRepository.init.ViewRepositoryClientImpl            17,0          17          17         0,0           1
ViewRepository.init.ViewRepositoryImpl                  13,0          13          13         0,0           1
ViewRepository.replaceOverridden                         0,0           0           0         0,0           2
WebJARs                                                 10,0          10          10         0,0           1

Performance Statistics   2019-07-11 18:57:00 - 2019-07-11 18:58:00
Tag                                                  Avg(ms)         Min         Max     Std Dev       Count
LoadClass                                                0,0           0           0         0,0           1
Messages.searchClasspath                                 0,1           0           1         0,3           7
Messages.searchFiles                                     0,0           0           0         0,0           7
PersistenceSecurity.applyConstraints(..)                 0,0           0           0         0,0           3

Performance Statistics   2019-07-11 18:58:00 - 2019-07-11 18:59:00
Tag                                                  Avg(ms)         Min         Max     Std Dev       Count
LoadClass                                                0,0           0           0         0,0           2
Messages.searchClasspath                                 0,1           0           5         0,4         230
Messages.searchFiles                                     0,0           0           0         0,0         243
PersistenceSecurity.applyConstraints(..)                 0,0           0           0         0,0           1

Performance Statistics   2019-07-11 18:59:00 - 2019-07-11 19:00:00
Tag                                                  Avg(ms)         Min         Max     Std Dev       Count
LoadClass                                                0,3           0           1         0,5          12
Messages.searchClasspath                                 0,6           0          17         2,5          50
Messages.searchFiles                                     0,3           0          13         1,8          50
Metadata.replaceExtendedMetaClasses                      0,0           0           0         0,0           1
WebJARs                                                  9,0           9           9         0,0           1

Performance Statistics   2019-07-11 19:00:00 - 2019-07-11 19:01:00
Tag                                                  Avg(ms)         Min         Max     Std Dev       Count
LoadClass                                                2,5           2           3         0,5           2
Messages.searchClasspath                                 0,1           0           4         0,4         290
Messages.searchFiles                                     0,0           0           0         0,0         290
Metadata.replaceExtendedMetaClasses                      0,0           0           0         0,0           1
PersistenceSecurity.applyConstraints(..)                 1,0           1           1         0,0           1
ViewRepository.init.ViewRepositoryImpl                  13,0          13          13         0,0           1
ViewRepository.replaceOverridden                         0,0           0           0         0,0           1

Performance Statistics   2019-07-11 19:01:00 - 2019-07-11 19:02:00
Tag                                                  Avg(ms)         Min         Max     Std Dev       Count
LoadClass                                                0,7           0           3         0,9          15
Messages.searchClasspath                                 0,1           0           8         0,5         517
Messages.searchFiles                                     0,0           0          12         0,5         517
Metadata.replaceExtendedMetaClasses                      0,0           0           0         0,0           2
PersistenceSecurity.applyConstraints(..)                 0,7           0           2         0,9           3
ViewRepository.init.ViewRepositoryClientImpl            13,0          13          13         0,0           1
ViewRepository.init.ViewRepositoryImpl                  13,0          13          13         0,0           1
ViewRepository.replaceOverridden                         0,0           0           0         0,0           2
WebJARs                                                  6,0           6           6         0,0           1

Performance Statistics   2019-07-11 20:34:00 - 2019-07-11 20:35:00
Tag                                                  Avg(ms)         Min         Max     Std Dev       Count
LoadClass                                                2,2           0           4         1,0          12
Messages.searchClasspath                                 1,0           0          19         3,4          50
Messages.searchFiles                                     0,3           0          14         2,0          50
Metadata.replaceExtendedMetaClasses                      1,0           1           1         0,0           1
WebJARs                                                 24,0          24          24         0,0           1

Performance Statistics   2019-07-11 20:35:00 - 2019-07-11 20:36:00
Tag                                                  Avg(ms)         Min         Max     Std Dev       Count
LoadClass                                                7,0           4           9         2,2           3
Messages.searchClasspath                                 0,3           0          22         1,6         602
Messages.searchFiles                                     0,0           0           2         0,1         602
Metadata.replaceExtendedMetaClasses                      0,0           0           0         0,0           1
PersistenceSecurity.applyConstraints(..)                 1,0           0           2         0,7           4
ViewRepository.init.ViewRepositoryClientImpl            30,0          30          30         0,0           1
ViewRepository.init.ViewRepositoryImpl                  29,0          29          29         0,0           1
ViewRepository.replaceOverridden                         0,0           0           0         0,0           2

Performance Statistics   2019-07-11 20:44:00 - 2019-07-11 20:45:00
Tag                                                  Avg(ms)         Min         Max     Std Dev       Count
LoadClass                                                3,6           0          15         3,7          16
Messages.searchClasspath                                 0,4           0          33         2,1         685
Messages.searchFiles                                     0,0           0          14         0,5         685
Metadata.replaceExtendedMetaClasses                      0,5           0           1         0,5           2
PersistenceSecurity.applyConstraints(..)                 1,0           0           3         1,0           6
ViewRepository.init.ViewRepositoryClientImpl            31,0          31          31         0,0           1
ViewRepository.init.ViewRepositoryImpl                  29,0          29          29         0,0           1
ViewRepository.replaceOverridden                         0,0           0           0         0,0           2
WebJARs                                                 13,0          13          13         0,0           1

Performance Statistics   2019-07-11 20:45:00 - 2019-07-11 20:46:00
Tag                                                  Avg(ms)         Min         Max     Std Dev       Count
LoadClass                                                3,0           0           6         3,0           2
Messages.searchClasspath                                 0,0           0           0         0,0          47
Messages.searchFiles                                     0,0           0           0         0,0          47

Performance Statistics   2019-07-11 20:46:00 - 2019-07-11 20:47:00
Tag                                                  Avg(ms)         Min         Max     Std Dev       Count

Performance Statistics   2019-07-11 20:51:00 - 2019-07-11 20:52:00
Tag                                                  Avg(ms)         Min         Max     Std Dev       Count
LoadClass                                                4,7           0          40         9,9          14
Messages.searchClasspath                                 0,4           0          22         2,1         340
Messages.searchFiles                                     0,1           0          21         1,1         340
Metadata.replaceExtendedMetaClasses                      0,5           0           1         0,5           2
PersistenceSecurity.applyConstraints(..)                 2,0           2           2         0,0           1
ViewRepository.init.ViewRepositoryImpl                  22,0          22          22         0,0           1
ViewRepository.replaceOverridden                         0,0           0           0         0,0           1
WebJARs                                                 11,0          11          11         0,0           1

Performance Statistics   2019-07-11 20:52:00 - 2019-07-11 20:53:00
Tag                                                  Avg(ms)         Min         Max     Std Dev       Count
LoadClass                                                2,7           0          11         3,7           9
Messages.searchClasspath                                 0,2           0          10         1,0         553
Messages.searchFiles                                     0,0           0           0         0,0         553
PersistenceSecurity.applyConstraints(..)                 0,2           0           1         0,4           6
ViewRepository.init.ViewRepositoryClientImpl            35,0          35          35         0,0           1
ViewRepository.replaceOverridden                         0,0           0           0         0,0           1

Performance Statistics   2019-07-11 20:53:00 - 2019-07-11 20:54:00
Tag                                                  Avg(ms)         Min         Max     Std Dev       Count

Performance Statistics   2019-07-11 20:54:00 - 2019-07-11 20:55:00
Tag                                                  Avg(ms)         Min         Max     Std Dev       Count

Performance Statistics   2019-07-11 20:55:00 - 2019-07-11 20:56:00
Tag                                                  Avg(ms)         Min         Max     Std Dev       Count

Performance Statistics   2019-07-11 20:56:00 - 2019-07-11 20:57:00
Tag                                                  Avg(ms)         Min         Max     Std Dev       Count

Performance Statistics   2019-07-11 20:57:00 - 2019-07-11 20:58:00
Tag                                                  Avg(ms)         Min         Max     Std Dev       Count

Performance Statistics   2019-07-11 20:58:00 - 2019-07-11 20:59:00
Tag                                                  Avg(ms)         Min         Max     Std Dev       Count

Performance Statistics   2019-07-11 20:59:00 - 2019-07-11 21:00:00
Tag                                                  Avg(ms)         Min         Max     Std Dev       Count

Performance Statistics   2019-07-11 21:00:00 - 2019-07-11 21:01:00
Tag                                                  Avg(ms)         Min         Max     Std Dev       Count

Performance Statistics   2019-07-11 21:01:00 - 2019-07-11 21:02:00
Tag                                                  Avg(ms)         Min         Max     Std Dev       Count

Performance Statistics   2019-07-11 21:02:00 - 2019-07-11 21:03:00
Tag                                                  Avg(ms)         Min         Max     Std Dev       Count

Performance Statistics   2019-07-11 21:03:00 - 2019-07-11 21:04:00
Tag                                                  Avg(ms)         Min         Max     Std Dev       Count

Performance Statistics   2019-07-11 21:04:00 - 2019-07-11 21:05:00
Tag                                                  Avg(ms)         Min         Max     Std Dev       Count

Performance Statistics   2019-07-11 21:05:00 - 2019-07-11 21:06:00
Tag                                                  Avg(ms)         Min         Max     Std Dev       Count

Performance Statistics   2019-07-11 21:06:00 - 2019-07-11 21:07:00
Tag                                                  Avg(ms)         Min         Max     Std Dev       Count

Performance Statistics   2019-07-11 21:07:00 - 2019-07-11 21:08:00
Tag                                                  Avg(ms)         Min         Max     Std Dev       Count

Performance Statistics   2019-07-11 21:08:00 - 2019-07-11 21:09:00
Tag                                                  Avg(ms)         Min         Max     Std Dev       Count

Performance Statistics   2019-07-11 21:09:00 - 2019-07-11 21:10:00
Tag                                                  Avg(ms)         Min         Max     Std Dev       Count

Performance Statistics   2019-07-11 21:11:00 - 2019-07-11 21:12:00
Tag                                                  Avg(ms)         Min         Max     Std Dev       Count
LoadClass                                                3,5           0          15         3,6          17
Messages.searchClasspath                                 0,3           0          20         1,7         585
Messages.searchFiles                                     0,0           0          14         0,6         585
Metadata.replaceExtendedMetaClasses                      0,0           0           0         0,0           2
PersistenceSecurity.applyConstraints(..)                 1,8           0           5         1,9           4
ViewRepository.init.ViewRepositoryClientImpl            39,0          39          39         0,0           1
ViewRepository.init.ViewRepositoryImpl                  36,0          36          36         0,0           1
ViewRepository.replaceOverridden                         0,0           0           0         0,0           2
WebJARs                                                 12,0          12          12         0,0           1

Performance Statistics   2019-07-11 21:12:00 - 2019-07-11 21:13:00
Tag                                                  Avg(ms)         Min         Max     Std Dev       Count
LoadClass                                                3,4           0           8         2,5          17
Messages.searchClasspath                                 0,3           0          18         1,7         585
Messages.searchFiles                                     0,0           0          26         1,1         585
Metadata.replaceExtendedMetaClasses                      0,5           0           1         0,5           2
PersistenceSecurity.applyConstraints(..)                 1,0           0           3         1,2           4
ViewRepository.init.ViewRepositoryClientImpl            36,0          36          36         0,0           1
ViewRepository.init.ViewRepositoryImpl                  25,0          25          25         0,0           1
ViewRepository.replaceOverridden                         0,0           0           0         0,0           2
WebJARs                                                 15,0          15          15         0,0           1

Performance Statistics   2019-07-11 21:14:00 - 2019-07-11 21:15:00
Tag                                                  Avg(ms)         Min         Max     Std Dev       Count
LoadClass                                                3,2           0          10         2,5          17
Messages.searchClasspath                                 0,3           0          20         1,5         585
Messages.searchFiles                                     0,1           0          19         0,9         585
Metadata.replaceExtendedMetaClasses                      0,0           0           0         0,0           2
PersistenceSecurity.applyConstraints(..)                 0,8           0           2         0,8           4
ViewRepository.init.ViewRepositoryClientImpl            40,0          40          40         0,0           1
ViewRepository.init.ViewRepositoryImpl                  26,0          26          26         0,0           1
ViewRepository.replaceOverridden                         0,0           0           0         0,0           2
WebJARs                                                 11,0          11          11         0,0           1

Performance Statistics   2019-07-11 21:15:00 - 2019-07-11 21:16:00
Tag                                                  Avg(ms)         Min         Max     Std Dev       Count
LoadClass                                                3,2           0           8         2,3          17
Messages.searchClasspath                                 0,2           0          14         1,3         585
Messages.searchFiles                                     0,0           0          14         0,6         585
Metadata.replaceExtendedMetaClasses                      0,0           0           0         0,0           2
PersistenceSecurity.applyConstraints(..)                 0,8           0           2         0,8           4
ViewRepository.init.ViewRepositoryClientImpl            33,0          33          33         0,0           1
ViewRepository.init.ViewRepositoryImpl                  21,0          21          21         0,0           1
ViewRepository.replaceOverridden                         0,0           0           0         0,0           2
WebJARs                                                 15,0          15          15         0,0           1

Performance Statistics   2019-07-11 21:17:00 - 2019-07-11 21:18:00
Tag                                                  Avg(ms)         Min         Max     Std Dev       Count
LoadClass                                                3,5           0           8         2,4          17
Messages.searchClasspath                                 0,3           0          24         1,8         538
Messages.searchFiles                                     0,0           0          16         0,7         538
Metadata.replaceExtendedMetaClasses                      0,0           0           0         0,0           2
PersistenceSecurity.applyConstraints(..)                 1,0           0           2         0,8           3
ViewRepository.init.ViewRepositoryClientImpl            27,0          27          27         0,0           1
ViewRepository.init.ViewRepositoryImpl                  24,0          24          24         0,0           1
ViewRepository.replaceOverridden                         0,0           0           0         0,0           2
WebJARs                                                 18,0          18          18         0,0           1

Performance Statistics   2019-07-11 21:18:00 - 2019-07-11 21:19:00
Tag                                                  Avg(ms)         Min         Max     Std Dev       Count
Messages.searchClasspath                                 0,0           0           0         0,0          47
Messages.searchFiles                                     0,0           0           0         0,0          47
PersistenceSecurity.applyConstraints(..)                 0,0           0           0         0,0           1

Performance Statistics   2019-07-11 21:19:00 - 2019-07-11 21:20:00
Tag                                                  Avg(ms)         Min         Max     Std Dev       Count
LoadClass                                                3,1           0           7         2,2          14
Messages.searchClasspath                                 0,6           0          33         3,1         340
Messages.searchFiles                                     0,1           0          37         2,0         340
Metadata.replaceExtendedMetaClasses                      0,0           0           0         0,0           2
PersistenceSecurity.applyConstraints(..)                 3,0           3           3         0,0           1
ViewRepository.init.ViewRepositoryImpl                  31,0          31          31         0,0           1
ViewRepository.replaceOverridden                         0,0           0           0         0,0           1
WebJARs                                                 20,0          20          20         0,0           1

Performance Statistics   2019-07-11 21:20:00 - 2019-07-11 21:21:00
Tag                                                  Avg(ms)         Min         Max     Std Dev       Count
LoadClass                                                1,4           0          11         2,8          25
Messages.searchClasspath                                 0,2           0          11         0,9         770
Messages.searchFiles                                     0,0           0           1         0,0         770
PersistenceSecurity.applyConstraints(..)                 0,2           0           1         0,4          11
ViewRepository.init.ViewRepositoryClientImpl            29,0          29          29         0,0           1
ViewRepository.replaceOverridden                         0,0           0           0         0,0           1

Performance Statistics   2019-07-11 21:21:00 - 2019-07-11 21:22:00
Tag                                                  Avg(ms)         Min         Max     Std Dev       Count
LoadClass                                                0,5           0           6         1,6          19
Messages.searchClasspath                                 0,0           0           2         0,2          82
Messages.searchFiles                                     0,0           0           0         0,0          82
PersistenceSecurity.applyConstraints(..)                 0,2           0           1         0,4          10
PersistenceSecurity.assertToken(..)                      0,0           0           0         0,0           2

Performance Statistics   2019-07-11 21:34:00 - 2019-07-11 21:35:00
Tag                                                  Avg(ms)         Min         Max     Std Dev       Count
LoadClass                                                2,9           0           8         2,2          15
Messages.searchClasspath                                 0,3           0          25         1,7         664
Messages.searchFiles                                     0,0           0          17         0,7         664
Metadata.replaceExtendedMetaClasses                      0,5           0           1         0,5           2
PersistenceSecurity.applyConstraints(..)                 1,0           0           2         0,7           4
ViewRepository.init.ViewRepositoryClientImpl            31,0          31          31         0,0           1
ViewRepository.init.ViewRepositoryImpl                  40,0          40          40         0,0           1
ViewRepository.replaceOverridden                         0,0           0           0         0,0           2
WebJARs                                                 10,0          10          10         0,0           1

Performance Statistics   2019-07-11 21:35:00 - 2019-07-11 21:36:00
Tag                                                  Avg(ms)         Min         Max     Std Dev       Count

Performance Statistics   2019-07-11 21:36:00 - 2019-07-11 21:37:00
Tag                                                  Avg(ms)         Min         Max     Std Dev       Count

Performance Statistics   2019-07-11 21:37:00 - 2019-07-11 21:38:00
Tag                                                  Avg(ms)         Min         Max     Std Dev       Count

Performance Statistics   2019-07-11 21:38:00 - 2019-07-11 21:39:00
Tag                                                  Avg(ms)         Min         Max     Std Dev       Count

Performance Statistics   2019-07-11 21:43:00 - 2019-07-11 21:44:00
Tag                                                  Avg(ms)         Min         Max     Std Dev       Count
LoadClass                                                1,5           0           3         0,9          12
Messages.searchClasspath                                 0,9           0          14         2,8          50
Messages.searchFiles                                     0,3           0          14         2,0          50
Metadata.replaceExtendedMetaClasses                      0,0           0           0         0,0           1
WebJARs                                                 14,0          14          14         0,0           1

Performance Statistics   2019-07-11 21:44:00 - 2019-07-11 21:45:00
Tag                                                  Avg(ms)         Min         Max     Std Dev       Count
LoadClass                                                4,2           0          11         4,1          14
Messages.searchClasspath                                 0,2           0          14         1,1         867
Messages.searchFiles                                     0,0           0           3         0,1         867
Metadata.replaceExtendedMetaClasses                      1,0           1           1         0,0           1
PersistenceSecurity.applyConstraints(..)                 0,6           0           4         1,3           9
ViewRepository.init.ViewRepositoryClientImpl            28,0          28          28         0,0           1
ViewRepository.init.ViewRepositoryImpl                  28,0          28          28         0,0           1
ViewRepository.replaceOverridden                         0,0           0           0         0,0           2

Performance Statistics   2019-07-11 21:45:00 - 2019-07-11 21:46:00
Tag                                                  Avg(ms)         Min         Max     Std Dev       Count
LoadClass                                                0,4           0           2         0,6          12
Messages.searchClasspath                                 0,1           0           2         0,3          91
Messages.searchFiles                                     0,0           0           0         0,0          91
PersistenceSecurity.applyConstraints(..)                 0,1           0           1         0,3           9

Performance Statistics   2019-07-11 21:46:00 - 2019-07-11 21:47:00
Tag                                                  Avg(ms)         Min         Max     Std Dev       Count
LoadClass                                                0,0           0           0         0,0           3
PersistenceSecurity.applyConstraints(..)                 0,3           0           1         0,5           3

Performance Statistics   2019-07-11 21:47:00 - 2019-07-11 21:48:00
Tag                                                  Avg(ms)         Min         Max     Std Dev       Count

Performance Statistics   2019-07-11 21:48:00 - 2019-07-11 21:49:00
Tag                                                  Avg(ms)         Min         Max     Std Dev       Count

Performance Statistics   2019-07-11 21:49:00 - 2019-07-11 21:50:00
Tag                                                  Avg(ms)         Min         Max     Std Dev       Count

Performance Statistics   2019-07-11 21:50:00 - 2019-07-11 21:51:00
Tag                                                  Avg(ms)         Min         Max     Std Dev       Count

Performance Statistics   2019-07-11 21:51:00 - 2019-07-11 21:52:00
Tag                                                  Avg(ms)         Min         Max     Std Dev       Count

Performance Statistics   2019-07-11 22:51:00 - 2019-07-11 22:52:00
Tag                                                  Avg(ms)         Min         Max     Std Dev       Count
LoadClass                                                1,5           0           3         0,9          12
Messages.searchClasspath                                 1,6           0          54         6,5          90
Messages.searchFiles                                     0,5           0          41         4,3          90
Metadata.replaceExtendedMetaClasses                      0,0           0           0         0,0           1
WebJARs                                                 15,0          15          15         0,0           1

Performance Statistics   2019-07-11 22:52:00 - 2019-07-11 22:53:00
Tag                                                  Avg(ms)         Min         Max     Std Dev       Count
LoadClass                                                8,7           7          12         2,4           3
Messages.searchClasspath                                 0,4           0          30         2,6         581
Messages.searchFiles                                     0,0           0           1         0,0         581
Metadata.replaceExtendedMetaClasses                      0,0           0           0         0,0           1
PersistenceSecurity.applyConstraints(..)                 1,0           0           3         1,2           4
ViewRepository.init.ViewRepositoryClientImpl            69,0          69          69         0,0           1
ViewRepository.init.ViewRepositoryImpl                  49,0          49          49         0,0           1
ViewRepository.replaceOverridden                         0,0           0           0         0,0           2

Performance Statistics   2019-07-11 22:58:00 - 2019-07-11 22:59:00
Tag                                                  Avg(ms)         Min         Max     Std Dev       Count
LoadClass                                                3,9           0          10         2,7          15
Messages.searchClasspath                                 0,3           0          15         1,6         517
Messages.searchFiles                                     0,0           0          17         0,8         517
Metadata.replaceExtendedMetaClasses                      0,5           0           1         0,5           2
PersistenceSecurity.applyConstraints(..)                 1,7           0           3         1,2           3
ViewRepository.init.ViewRepositoryClientImpl            30,0          30          30         0,0           1
ViewRepository.init.ViewRepositoryImpl                  31,0          31          31         0,0           1
ViewRepository.replaceOverridden                         0,0           0           0         0,0           2
WebJARs                                                 14,0          14          14         0,0           1

Performance Statistics   2019-07-11 22:59:00 - 2019-07-11 23:00:00
Tag                                                  Avg(ms)         Min         Max     Std Dev       Count
LoadClass                                                1,0           0           2         1,0           2
Messages.searchClasspath                                 0,1           0           2         0,4          41
Messages.searchFiles                                     0,0           0           0         0,0          41
PersistenceSecurity.applyConstraints(..)                 0,5           0           1         0,5           4

Performance Statistics   2019-07-11 23:00:00 - 2019-07-11 23:01:00
Tag                                                  Avg(ms)         Min         Max     Std Dev       Count
LoadClass                                                1,7           0           3         0,8          12
Messages.searchClasspath                                 0,8           0          12         2,5          50
Messages.searchFiles                                     0,2           0          12         1,7          50
Metadata.replaceExtendedMetaClasses                      0,0           0           0         0,0           1
WebJARs                                                 14,0          14          14         0,0           1

Performance Statistics   2019-07-11 23:01:00 - 2019-07-11 23:02:00
Tag                                                  Avg(ms)         Min         Max     Std Dev       Count
LoadClass                                                9,0           4          15         4,5           3
Messages.searchClasspath                                 0,2           0          21         1,5         489
Messages.searchFiles                                     0,0           0           2         0,1         489
Metadata.replaceExtendedMetaClasses                      0,0           0           0         0,0           1
PersistenceSecurity.applyConstraints(..)                 1,0           0           2         0,8           3
ViewRepository.init.ViewRepositoryClientImpl            27,0          27          27         0,0           1
ViewRepository.init.ViewRepositoryImpl                  30,0          30          30         0,0           1
ViewRepository.replaceOverridden                         0,0           0           0         0,0           2

Performance Statistics   2019-07-11 23:02:00 - 2019-07-11 23:03:00
Tag                                                  Avg(ms)         Min         Max     Std Dev       Count

Performance Statistics   2019-07-11 23:03:00 - 2019-07-11 23:04:00
Tag                                                  Avg(ms)         Min         Max     Std Dev       Count

Performance Statistics   2019-07-11 23:04:00 - 2019-07-11 23:05:00
Tag                                                  Avg(ms)         Min         Max     Std Dev       Count

Performance Statistics   2019-07-11 23:05:00 - 2019-07-11 23:06:00
Tag                                                  Avg(ms)         Min         Max     Std Dev       Count

Performance Statistics   2019-07-11 23:06:00 - 2019-07-11 23:07:00
Tag                                                  Avg(ms)         Min         Max     Std Dev       Count
Messages.searchClasspath                                 1,1           0          13         3,1          24
Messages.searchFiles                                     0,0           0           0         0,0          24

Performance Statistics   2019-07-11 23:06:00 - 2019-07-11 23:07:00
Tag                                                  Avg(ms)         Min         Max     Std Dev       Count
LoadClass                                                2,9           0           8         2,0          14
Messages.searchClasspath                                 0,4           0          19         2,1         340
Messages.searchFiles                                     0,0           0          15         0,8         340
Metadata.replaceExtendedMetaClasses                      0,0           0           0         0,0           2
PersistenceSecurity.applyConstraints(..)                 4,0           4           4         0,0           1
ViewRepository.init.ViewRepositoryImpl                  36,0          36          36         0,0           1
ViewRepository.replaceOverridden                         0,0           0           0         0,0           1
WebJARs                                                 14,0          14          14         0,0           1

Performance Statistics   2019-07-11 23:07:00 - 2019-07-11 23:08:00
Tag                                                  Avg(ms)         Min         Max     Std Dev       Count
LoadClass                                                8,0           8           8         0,0           1
Messages.searchClasspath                                 0,2           0           7         0,8         199
Messages.searchFiles                                     0,0           0           0         0,0         199
PersistenceSecurity.applyConstraints(..)                 0,0           0           0         0,0           2
ViewRepository.init.ViewRepositoryClientImpl            29,0          29          29         0,0           1
ViewRepository.replaceOverridden                         0,0           0           0         0,0           1

Performance Statistics   2019-07-11 23:08:00 - 2019-07-11 23:09:00
Tag                                                  Avg(ms)         Min         Max     Std Dev       Count
LoadClass                                                2,7           0           6         1,5          12
Messages.searchClasspath                                 0,9           0          14         2,8          50
Messages.searchFiles                                     0,3           0          13         1,8          50
Metadata.replaceExtendedMetaClasses                      1,0           1           1         0,0           1
WebJARs                                                 13,0          13          13         0,0           1

Performance Statistics   2019-07-11 23:09:00 - 2019-07-11 23:10:00
Tag                                                  Avg(ms)         Min         Max     Std Dev       Count
LoadClass                                                4,7           0           9         3,2           6
Messages.searchClasspath                                 0,2           0          16         1,1         552
Messages.searchFiles                                     0,0           0           1         0,0         552
Metadata.replaceExtendedMetaClasses                      1,0           1           1         0,0           1
PersistenceSecurity.applyConstraints(..)                 1,2           0           4         1,5           5
ViewRepository.init.ViewRepositoryClientImpl            21,0          21          21         0,0           1
ViewRepository.init.ViewRepositoryImpl                  31,0          31          31         0,0           1
ViewRepository.replaceOverridden                         0,0           0           0         0,0           2

Performance Statistics   2019-07-11 23:12:00 - 2019-07-11 23:13:00
Tag                                                  Avg(ms)         Min         Max     Std Dev       Count
LoadClass                                                2,6           0           8         2,3          23
Messages.searchClasspath                                 0,2           0          15         1,3         676
Messages.searchFiles                                     0,1           0          33         1,3         676
Metadata.replaceExtendedMetaClasses                      0,0           0           0         0,0           2
PersistenceSecurity.applyConstraints(..)                 0,2           0           2         0,6          12
PersistenceSecurity.assertToken(..)                      1,0           1           1         0,0           1
ViewRepository.init.ViewRepositoryClientImpl            25,0          25          25         0,0           1
ViewRepository.init.ViewRepositoryImpl                  25,0          25          25         0,0           1
ViewRepository.replaceOverridden                         0,0           0           0         0,0           2
WebJARs                                                 15,0          15          15         0,0           1

Performance Statistics   2019-07-11 23:13:00 - 2019-07-11 23:14:00
Tag                                                  Avg(ms)         Min         Max     Std Dev       Count

Performance Statistics   2019-07-11 23:14:00 - 2019-07-11 23:15:00
Tag                                                  Avg(ms)         Min         Max     Std Dev       Count

Performance Statistics   2019-07-11 23:15:00 - 2019-07-11 23:16:00
Tag                                                  Avg(ms)         Min         Max     Std Dev       Count

Performance Statistics   2019-07-11 23:16:00 - 2019-07-11 23:17:00
Tag                                                  Avg(ms)         Min         Max     Std Dev       Count
Messages.searchClasspath                                 1,6           0          18         4,3          24
Messages.searchFiles                                     0,0           0           0         0,0          24

Performance Statistics   2019-07-11 23:17:00 - 2019-07-11 23:18:00
Tag                                                  Avg(ms)         Min         Max     Std Dev       Count
LoadClass                                                4,1           0          11         3,1          15
Messages.searchClasspath                                 0,3           0          23         1,9         546
Messages.searchFiles                                     0,1           0          26         1,5         546
Metadata.replaceExtendedMetaClasses                      0,5           0           1         0,5           2
PersistenceSecurity.applyConstraints(..)                 1,3           0           3         1,2           3
ViewRepository.init.ViewRepositoryClientImpl            34,0          34          34         0,0           1
ViewRepository.init.ViewRepositoryImpl                  29,0          29          29         0,0           1
ViewRepository.replaceOverridden                         0,0           0           0         0,0           2
WebJARs                                                 19,0          19          19         0,0           1

Performance Statistics   2019-07-11 23:19:00 - 2019-07-11 23:20:00
Tag                                                  Avg(ms)         Min         Max     Std Dev       Count
LoadClass                                                2,6           0           9         2,7          16
Messages.searchClasspath                                 0,3           0          23         1,7         572
Messages.searchFiles                                     0,0           0          15         0,6         572
Metadata.replaceExtendedMetaClasses                      0,0           0           0         0,0           2
PersistenceSecurity.applyConstraints(..)                 0,6           0           2         0,8           5
ViewRepository.init.ViewRepositoryClientImpl            33,0          33          33         0,0           1
ViewRepository.init.ViewRepositoryImpl                  28,0          28          28         0,0           1
ViewRepository.replaceOverridden                         0,0           0           0         0,0           2
WebJARs                                                 13,0          13          13         0,0           1

Performance Statistics   2019-07-11 23:20:00 - 2019-07-11 23:21:00
Tag                                                  Avg(ms)         Min         Max     Std Dev       Count

Performance Statistics   2019-07-11 23:21:00 - 2019-07-11 23:22:00
Tag                                                  Avg(ms)         Min         Max     Std Dev       Count
Messages.searchClasspath                                 1,2           0          13         3,2          24
Messages.searchFiles                                     0,0           0           0         0,0          24

Performance Statistics   2019-07-11 23:22:00 - 2019-07-11 23:23:00
Tag                                                  Avg(ms)         Min         Max     Std Dev       Count
LoadClass                                                2,3           0           4         0,9          12
Messages.searchClasspath                                 1,1           0          23         3,6          90
Messages.searchFiles                                     0,2           0          15         1,6          90
Metadata.replaceExtendedMetaClasses                      0,0           0           0         0,0           1
WebJARs                                                 11,0          11          11         0,0           1

Performance Statistics   2019-07-11 23:23:00 - 2019-07-11 23:24:00
Tag                                                  Avg(ms)         Min         Max     Std Dev       Count
LoadClass                                                5,3           0           9         3,1           6
Messages.searchClasspath                                 0,2           0          38         1,9         532
Messages.searchFiles                                     0,0           0           1         0,0         532
Metadata.replaceExtendedMetaClasses                      1,0           1           1         0,0           1
PersistenceSecurity.applyConstraints(..)                 0,5           0           2         0,8           6
PersistenceSecurity.assertToken(..)                      1,0           1           1         0,0           1
ViewRepository.init.ViewRepositoryClientImpl            41,0          41          41         0,0           1
ViewRepository.init.ViewRepositoryImpl                  23,0          23          23         0,0           1
ViewRepository.replaceOverridden                         0,0           0           0         0,0           2

Performance Statistics   2019-07-11 23:24:00 - 2019-07-11 23:25:00
Tag                                                  Avg(ms)         Min         Max     Std Dev       Count

Performance Statistics   2019-07-11 23:25:00 - 2019-07-11 23:26:00
Tag                                                  Avg(ms)         Min         Max     Std Dev       Count
LoadClass                                                1,3           0           2         0,9           3
Messages.searchClasspath                                 0,1           0           2         0,4          28
Messages.searchFiles                                     0,0           0           0         0,0          28
PersistenceSecurity.applyConstraints(..)                 0,3           0           1         0,5           3

Performance Statistics   2019-07-11 23:26:00 - 2019-07-11 23:27:00
Tag                                                  Avg(ms)         Min         Max     Std Dev       Count
LoadClass                                                0,8           0           2         1,0           5
Messages.searchClasspath                                 0,1           0           2         0,4          28
Messages.searchFiles                                     0,0           0           0         0,0          28
PersistenceSecurity.applyConstraints(..)                 0,0           0           0         0,0           4
PersistenceSecurity.assertToken(..)                      0,0           0           0         0,0           1

Performance Statistics   2019-07-11 23:27:00 - 2019-07-11 23:28:00
Tag                                                  Avg(ms)         Min         Max     Std Dev       Count
LoadClass                                                3,5           0           7         3,5           2
Messages.searchClasspath                                 0,3           0           8         1,2         126
Messages.searchFiles                                     0,0           0           0         0,0         126
PersistenceSecurity.applyConstraints(..)                 0,2           0           1         0,4           5
PersistenceSecurity.assertToken(..)                      0,0           0           0         0,0           1

